# JRE version: OpenJDK Runtime Environment (8.0_152) (build 1.8.0_152-release-1343-b16-5323222)
# Java VM: OpenJDK 64-Bit Server VM (25.152-b16-5323222 mixed mode linux-amd64 compressed oops)
Heap:
 PSYoungGen      total 265216K, used 56312K [0x000000076ab00000, 0x0000000780400000, 0x00000007c0000000)
  eden space 208896K, 0% used [0x000000076ab00000,0x000000076ab00000,0x0000000777700000)
  from space 56320K, 99% used [0x000000077cd00000,0x00000007803fe0c8,0x0000000780400000)
  to   space 39936K, 0% used [0x0000000777700000,0x0000000777700000,0x0000000779e00000)
 ParOldGen       total 268800K, used 134950K [0x00000006c0000000, 0x00000006d0680000, 0x000000076ab00000)
  object space 268800K, 50% used [0x00000006c0000000,0x00000006c83c9928,0x00000006d0680000)
 Metaspace       used 72944K, capacity 75416K, committed 75648K, reserved 1114112K
  class space    used 9623K, capacity 10280K, committed 10368K, reserved 1048576K
GC Heap History (10 events):
Event: 22.179 GC heap after
Heap after GC invocations=17 (full 3):
 PSYoungGen      total 187392K, used 14120K [0x000000076ab00000, 0x0000000777f00000, 0x00000007c0000000)
  eden space 173056K, 0% used [0x000000076ab00000,0x000000076ab00000,0x0000000775400000)
  from space 14336K, 98% used [0x0000000777100000,0x0000000777eca248,0x0000000777f00000)
  to   space 16384K, 0% used [0x0000000775f00000,0x0000000775f00000,0x0000000776f00000)
 ParOldGen       total 138752K, used 39988K [0x00000006c0000000, 0x00000006c8780000, 0x000000076ab00000)
  object space 138752K, 28% used [0x00000006c0000000,0x00000006c270d0e8,0x00000006c8780000)
 Metaspace       used 60789K, capacity 63094K, committed 63360K, reserved 1103872K
  class space    used 8324K, capacity 8991K, committed 9088K, reserved 1048576K
}
Event: 23.891 GC heap before
{Heap before GC invocations=18 (full 3):
 PSYoungGen      total 187392K, used 187176K [0x000000076ab00000, 0x0000000777f00000, 0x00000007c0000000)
  eden space 173056K, 100% used [0x000000076ab00000,0x0000000775400000,0x0000000775400000)
  from space 14336K, 98% used [0x0000000777100000,0x0000000777eca248,0x0000000777f00000)
  to   space 16384K, 0% used [0x0000000775f00000,0x0000000775f00000,0x0000000776f00000)
 ParOldGen       total 138752K, used 39988K [0x00000006c0000000, 0x00000006c8780000, 0x000000076ab00000)
  object space 138752K, 28% used [0x00000006c0000000,0x00000006c270d0e8,0x00000006c8780000)
 Metaspace       used 64148K, capacity 66480K, committed 66816K, reserved 1105920K
  class space    used 8713K, capacity 9384K, committed 9472K, reserved 1048576K
Event: 23.932 GC heap after
Heap after GC invocations=18 (full 3):
 PSYoungGen      total 200704K, used 16352K [0x000000076ab00000, 0x000000077ba80000, 0x00000007c0000000)
  eden space 184320K, 0% used [0x000000076ab00000,0x000000076ab00000,0x0000000775f00000)
  from space 16384K, 99% used [0x0000000775f00000,0x0000000776ef80a0,0x0000000776f00000)
  to   space 29184K, 0% used [0x0000000779e00000,0x0000000779e00000,0x000000077ba80000)
 ParOldGen       total 138752K, used 68784K [0x00000006c0000000, 0x00000006c8780000, 0x000000076ab00000)
  object space 138752K, 49% used [0x00000006c0000000,0x00000006c432c3e0,0x00000006c8780000)
 Metaspace       used 64148K, capacity 66480K, committed 66816K, reserved 1105920K
  class space    used 8713K, capacity 9384K, committed 9472K, reserved 1048576K
}
Event: 48.964 GC heap before
{Heap before GC invocations=19 (full 3):
 PSYoungGen      total 200704K, used 199270K [0x000000076ab00000, 0x000000077ba80000, 0x00000007c0000000)
  eden space 184320K, 99% used [0x000000076ab00000,0x0000000775da1aa8,0x0000000775f00000)
  from space 16384K, 99% used [0x0000000775f00000,0x0000000776ef80a0,0x0000000776f00000)
  to   space 29184K, 0% used [0x0000000779e00000,0x0000000779e00000,0x000000077ba80000)
 ParOldGen       total 138752K, used 68784K [0x00000006c0000000, 0x00000006c8780000, 0x000000076ab00000)
  object space 138752K, 49% used [0x00000006c0000000,0x00000006c432c3e0,0x00000006c8780000)
 Metaspace       used 69510K, capacity 71994K, committed 72320K, reserved 1112064K
  class space    used 9360K, capacity 10019K, committed 10112K, reserved 1048576K
Event: 49.008 GC heap after
Heap after GC invocations=19 (full 3):
 PSYoungGen      total 238080K, used 29174K [0x000000076ab00000, 0x000000077d700000, 0x00000007c0000000)
  eden space 208896K, 0% used [0x000000076ab00000,0x000000076ab00000,0x0000000777700000)
  from space 29184K, 99% used [0x0000000779e00000,0x000000077ba7da98,0x000000077ba80000)
  to   space 39936K, 0% used [0x0000000777700000,0x0000000777700000,0x0000000779e00000)
 ParOldGen       total 138752K, used 85192K [0x00000006c0000000, 0x00000006c8780000, 0x000000076ab00000)
  object space 138752K, 61% used [0x00000006c0000000,0x00000006c5332338,0x00000006c8780000)
 Metaspace       used 69510K, capacity 71994K, committed 72320K, reserved 1112064K
  class space    used 9360K, capacity 10019K, committed 10112K, reserved 1048576K
}
Event: 58.462 GC heap before
{Heap before GC invocations=20 (full 3):
 PSYoungGen      total 238080K, used 238070K [0x000000076ab00000, 0x000000077d700000, 0x00000007c0000000)
  eden space 208896K, 100% used [0x000000076ab00000,0x0000000777700000,0x0000000777700000)
  from space 29184K, 99% used [0x0000000779e00000,0x000000077ba7da98,0x000000077ba80000)
  to   space 39936K, 0% used [0x0000000777700000,0x0000000777700000,0x0000000779e00000)
 ParOldGen       total 138752K, used 85192K [0x00000006c0000000, 0x00000006c8780000, 0x000000076ab00000)
  object space 138752K, 61% used [0x00000006c0000000,0x00000006c5332338,0x00000006c8780000)
 Metaspace       used 71568K, capacity 74060K, committed 74240K, reserved 1114112K
  class space    used 9504K, capacity 10150K, committed 10240K, reserved 1048576K
Event: 58.541 GC heap after
Heap after GC invocations=20 (full 3):
 PSYoungGen      total 248832K, used 39926K [0x000000076ab00000, 0x0000000780400000, 0x00000007c0000000)
  eden space 208896K, 0% used [0x000000076ab00000,0x000000076ab00000,0x0000000777700000)
  from space 39936K, 99% used [0x0000000777700000,0x0000000779dfd9a0,0x0000000779e00000)
  to   space 56320K, 0% used [0x000000077cd00000,0x000000077cd00000,0x0000000780400000)
 ParOldGen       total 138752K, used 112530K [0x00000006c0000000, 0x00000006c8780000, 0x000000076ab00000)
  object space 138752K, 81% used [0x00000006c0000000,0x00000006c6de4b68,0x00000006c8780000)
 Metaspace       used 71568K, capacity 74060K, committed 74240K, reserved 1114112K
  class space    used 9504K, capacity 10150K, committed 10240K, reserved 1048576K
}
Event: 58.698 GC heap before
{Heap before GC invocations=21 (full 4):
 PSYoungGen      total 248832K, used 39926K [0x000000076ab00000, 0x0000000780400000, 0x00000007c0000000)
  eden space 208896K, 0% used [0x000000076ab00000,0x000000076ab00000,0x0000000777700000)
  from space 39936K, 99% used [0x0000000777700000,0x0000000779dfd9a0,0x0000000779e00000)
  to   space 56320K, 0% used [0x000000077cd00000,0x000000077cd00000,0x0000000780400000)
 ParOldGen       total 138752K, used 112530K [0x00000006c0000000, 0x00000006c8780000, 0x000000076ab00000)
  object space 138752K, 81% used [0x00000006c0000000,0x00000006c6de4b68,0x00000006c8780000)
 Metaspace       used 71568K, capacity 74060K, committed 74240K, reserved 1114112K
  class space    used 9504K, capacity 10150K, committed 10240K, reserved 1048576K
Event: 59.346 GC heap after
Heap after GC invocations=21 (full 4):
 PSYoungGen      total 248832K, used 0K [0x000000076ab00000, 0x0000000780400000, 0x00000007c0000000)
  eden space 208896K, 0% used [0x000000076ab00000,0x000000076ab00000,0x0000000777700000)
  from space 39936K, 0% used [0x0000000777700000,0x0000000777700000,0x0000000779e00000)
  to   space 56320K, 0% used [0x000000077cd00000,0x000000077cd00000,0x0000000780400000)
 ParOldGen       total 268800K, used 119135K [0x00000006c0000000, 0x00000006d0680000, 0x000000076ab00000)
  object space 268800K, 44% used [0x00000006c0000000,0x00000006c7457d50,0x00000006d0680000)
 Metaspace       used 71568K, capacity 74060K, committed 74240K, reserved 1114112K
  class space    used 9504K, capacity 10150K, committed 10240K, reserved 1048576K
}
Event: 82.415 GC heap before
{Heap before GC invocations=22 (full 4):
 PSYoungGen      total 248832K, used 208896K [0x000000076ab00000, 0x0000000780400000, 0x00000007c0000000)
  eden space 208896K, 100% used [0x000000076ab00000,0x0000000777700000,0x0000000777700000)
  from space 39936K, 0% used [0x0000000777700000,0x0000000777700000,0x0000000779e00000)
  to   space 56320K, 0% used [0x000000077cd00000,0x000000077cd00000,0x0000000780400000)
 ParOldGen       total 268800K, used 119135K [0x00000006c0000000, 0x00000006d0680000, 0x000000076ab00000)
  object space 268800K, 44% used [0x00000006c0000000,0x00000006c7457d50,0x00000006d0680000)
 Metaspace       used 72944K, capacity 75416K, committed 75648K, reserved 1114112K
  class space    used 9623K, capacity 10280K, committed 10368K, reserved 1048576K

