# JRE version: OpenJDK Runtime Environment (8.0_152) (build 1.8.0_152-release-1343-b16-5323222)
# Java VM: OpenJDK 64-Bit Server VM (25.152-b16-5323222 mixed mode linux-amd64 compressed oops)
Heap:
 PSYoungGen      total 845824K, used 210427K [0x000000076ab00000, 0x00000007adf00000, 0x00000007c0000000)
  eden space 635392K, 0% used [0x000000076ab00000,0x000000076ab00000,0x0000000791780000)
  from space 210432K, 99% used [0x00000007a1180000,0x00000007adefef20,0x00000007adf00000)
  to   space 208384K, 0% used [0x0000000791780000,0x0000000791780000,0x000000079e300000)
 ParOldGen       total 360448K, used 279398K [0x00000006c0000000, 0x00000006d6000000, 0x000000076ab00000)
  object space 360448K, 77% used [0x00000006c0000000,0x00000006d10d9850,0x00000006d6000000)
 Metaspace       used 101420K, capacity 107344K, committed 107520K, reserved 1142784K
  class space    used 12573K, capacity 13754K, committed 13824K, reserved 1048576K
GC Heap History (10 events):
Event: 4322.686 GC heap after
Heap after GC invocations=33 (full 4):
 PSYoungGen      total 718848K, used 32631K [0x000000076ab00000, 0x00000007a1180000, 0x00000007c0000000)
  eden space 583168K, 0% used [0x000000076ab00000,0x000000076ab00000,0x000000078e480000)
  from space 135680K, 24% used [0x000000078e480000,0x000000079045dc10,0x0000000796900000)
  to   space 134144K, 0% used [0x0000000798e80000,0x0000000798e80000,0x00000007a1180000)
 ParOldGen       total 360448K, used 224061K [0x00000006c0000000, 0x00000006d6000000, 0x000000076ab00000)
  object space 360448K, 62% used [0x00000006c0000000,0x00000006cdacf6d0,0x00000006d6000000)
 Metaspace       used 98373K, capacity 104052K, committed 104192K, reserved 1140736K
  class space    used 12292K, capacity 13454K, committed 13568K, reserved 1048576K
}
Event: 4325.616 GC heap before
{Heap before GC invocations=34 (full 4):
 PSYoungGen      total 718848K, used 615799K [0x000000076ab00000, 0x00000007a1180000, 0x00000007c0000000)
  eden space 583168K, 100% used [0x000000076ab00000,0x000000078e480000,0x000000078e480000)
  from space 135680K, 24% used [0x000000078e480000,0x000000079045dc10,0x0000000796900000)
  to   space 134144K, 0% used [0x0000000798e80000,0x0000000798e80000,0x00000007a1180000)
 ParOldGen       total 360448K, used 224061K [0x00000006c0000000, 0x00000006d6000000, 0x000000076ab00000)
  object space 360448K, 62% used [0x00000006c0000000,0x00000006cdacf6d0,0x00000006d6000000)
 Metaspace       used 99085K, capacity 104716K, committed 104960K, reserved 1140736K
  class space    used 12359K, capacity 13522K, committed 13568K, reserved 1048576K
Event: 4325.783 GC heap after
Heap after GC invocations=34 (full 4):
 PSYoungGen      total 726528K, used 134117K [0x000000076ab00000, 0x00000007a6900000, 0x00000007c0000000)
  eden space 592384K, 0% used [0x000000076ab00000,0x000000076ab00000,0x000000078ed80000)
  from space 134144K, 99% used [0x0000000798e80000,0x00000007a1179740,0x00000007a1180000)
  to   space 164864K, 0% used [0x000000078ed80000,0x000000078ed80000,0x0000000798e80000)
 ParOldGen       total 360448K, used 254547K [0x00000006c0000000, 0x00000006d6000000, 0x000000076ab00000)
  object space 360448K, 70% used [0x00000006c0000000,0x00000006cf894c40,0x00000006d6000000)
 Metaspace       used 99085K, capacity 104716K, committed 104960K, reserved 1140736K
  class space    used 12359K, capacity 13522K, committed 13568K, reserved 1048576K
}
Event: 4330.701 GC heap before
{Heap before GC invocations=35 (full 4):
 PSYoungGen      total 726528K, used 719138K [0x000000076ab00000, 0x00000007a6900000, 0x00000007c0000000)
  eden space 592384K, 98% used [0x000000076ab00000,0x000000078e64f0d0,0x000000078ed80000)
  from space 134144K, 99% used [0x0000000798e80000,0x00000007a1179740,0x00000007a1180000)
  to   space 164864K, 0% used [0x000000078ed80000,0x000000078ed80000,0x0000000798e80000)
 ParOldGen       total 360448K, used 254547K [0x00000006c0000000, 0x00000006d6000000, 0x000000076ab00000)
  object space 360448K, 70% used [0x00000006c0000000,0x00000006cf894c40,0x00000006d6000000)
 Metaspace       used 99130K, capacity 104850K, committed 104960K, reserved 1140736K
  class space    used 12362K, capacity 13523K, committed 13568K, reserved 1048576K
Event: 4330.822 GC heap after
Heap after GC invocations=35 (full 4):
 PSYoungGen      total 757248K, used 139389K [0x000000076ab00000, 0x00000007a9380000, 0x00000007c0000000)
  eden space 592384K, 0% used [0x000000076ab00000,0x000000076ab00000,0x000000078ed80000)
  from space 164864K, 84% used [0x000000078ed80000,0x000000079759f488,0x0000000798e80000)
  to   space 180736K, 0% used [0x000000079e300000,0x000000079e300000,0x00000007a9380000)
 ParOldGen       total 360448K, used 255747K [0x00000006c0000000, 0x00000006d6000000, 0x000000076ab00000)
  object space 360448K, 70% used [0x00000006c0000000,0x00000006cf9c0cf0,0x00000006d6000000)
 Metaspace       used 99130K, capacity 104850K, committed 104960K, reserved 1140736K
  class space    used 12362K, capacity 13523K, committed 13568K, reserved 1048576K
}
Event: 4483.586 GC heap before
{Heap before GC invocations=36 (full 4):
 PSYoungGen      total 757248K, used 731773K [0x000000076ab00000, 0x00000007a9380000, 0x00000007c0000000)
  eden space 592384K, 100% used [0x000000076ab00000,0x000000078ed80000,0x000000078ed80000)
  from space 164864K, 84% used [0x000000078ed80000,0x000000079759f488,0x0000000798e80000)
  to   space 180736K, 0% used [0x000000079e300000,0x000000079e300000,0x00000007a9380000)
 ParOldGen       total 360448K, used 255747K [0x00000006c0000000, 0x00000006d6000000, 0x000000076ab00000)
  object space 360448K, 70% used [0x00000006c0000000,0x00000006cf9c0cf0,0x00000006d6000000)
 Metaspace       used 99554K, capacity 105306K, committed 105472K, reserved 1140736K
  class space    used 12398K, capacity 13567K, committed 13568K, reserved 1048576K
Event: 4483.756 GC heap after
Heap after GC invocations=36 (full 4):
 PSYoungGen      total 816128K, used 180714K [0x000000076ab00000, 0x00000007abe80000, 0x00000007c0000000)
  eden space 635392K, 0% used [0x000000076ab00000,0x000000076ab00000,0x0000000791780000)
  from space 180736K, 99% used [0x000000079e300000,0x00000007a937aa40,0x00000007a9380000)
  to   space 208384K, 0% used [0x0000000791780000,0x0000000791780000,0x000000079e300000)
 ParOldGen       total 360448K, used 256744K [0x00000006c0000000, 0x00000006d6000000, 0x000000076ab00000)
  object space 360448K, 71% used [0x00000006c0000000,0x00000006cfaba2c8,0x00000006d6000000)
 Metaspace       used 99554K, capacity 105306K, committed 105472K, reserved 1140736K
  class space    used 12398K, capacity 13567K, committed 13568K, reserved 1048576K
}
Event: 4538.501 GC heap before
{Heap before GC invocations=37 (full 4):
 PSYoungGen      total 816128K, used 816106K [0x000000076ab00000, 0x00000007abe80000, 0x00000007c0000000)
  eden space 635392K, 100% used [0x000000076ab00000,0x0000000791780000,0x0000000791780000)
  from space 180736K, 99% used [0x000000079e300000,0x00000007a937aa40,0x00000007a9380000)
  to   space 208384K, 0% used [0x0000000791780000,0x0000000791780000,0x000000079e300000)
 ParOldGen       total 360448K, used 256744K [0x00000006c0000000, 0x00000006d6000000, 0x000000076ab00000)
  object space 360448K, 71% used [0x00000006c0000000,0x00000006cfaba2c8,0x00000006d6000000)
 Metaspace       used 100420K, capacity 106258K, committed 106368K, reserved 1142784K
  class space    used 12474K, capacity 13647K, committed 13696K, reserved 1048576K
Event: 4538.720 GC heap after
Heap after GC invocations=37 (full 4):
 PSYoungGen      total 843776K, used 126947K [0x000000076ab00000, 0x00000007adf00000, 0x00000007c0000000)
  eden space 635392K, 0% used [0x000000076ab00000,0x000000076ab00000,0x0000000791780000)
  from space 208384K, 60% used [0x0000000791780000,0x0000000799378c90,0x000000079e300000)
  to   space 210432K, 0% used [0x00000007a1180000,0x00000007a1180000,0x00000007adf00000)
 ParOldGen       total 360448K, used 256856K [0x00000006c0000000, 0x00000006d6000000, 0x000000076ab00000)
  object space 360448K, 71% used [0x00000006c0000000,0x00000006cfad62c8,0x00000006d6000000)
 Metaspace       used 100420K, capacity 106258K, committed 106368K, reserved 1142784K
  class space    used 12474K, capacity 13647K, committed 13696K, reserved 1048576K
}
Event: 4758.528 GC heap before
{Heap before GC invocations=38 (full 4):
 PSYoungGen      total 843776K, used 762339K [0x000000076ab00000, 0x00000007adf00000, 0x00000007c0000000)
  eden space 635392K, 100% used [0x000000076ab00000,0x0000000791780000,0x0000000791780000)
  from space 208384K, 60% used [0x0000000791780000,0x0000000799378c90,0x000000079e300000)
  to   space 210432K, 0% used [0x00000007a1180000,0x00000007a1180000,0x00000007adf00000)
 ParOldGen       total 360448K, used 256856K [0x00000006c0000000, 0x00000006d6000000, 0x000000076ab00000)
  object space 360448K, 71% used [0x00000006c0000000,0x00000006cfad62c8,0x00000006d6000000)
 Metaspace       used 101420K, capacity 107344K, committed 107520K, reserved 1142784K
  class space    used 12573K, capacity 13754K, committed 13824K, reserved 1048576K

