# JRE version: OpenJDK Runtime Environment (8.0_152-b01) (build 1.8.0_152-release-915-b01)
# Java VM: OpenJDK 64-Bit Server VM (25.152-b01 mixed mode linux-amd64 compressed oops)
Heap:
 PSYoungGen      total 1105408K, used 190406K [0x000000076ab00000, 0x00000007bcd80000, 0x00000007c0000000)
  eden space 892416K, 10% used [0x000000076ab00000,0x00000007708e0358,0x00000007a1280000)
  from space 212992K, 44% used [0x00000007afd80000,0x00000007b59917c0,0x00000007bcd80000)
  to   space 226816K, 0% used [0x00000007a1280000,0x00000007a1280000,0x00000007af000000)
 ParOldGen       total 333312K, used 212055K [0x00000006c0000000, 0x00000006d4580000, 0x000000076ab00000)
  object space 333312K, 63% used [0x00000006c0000000,0x00000006ccf15e80,0x00000006d4580000)
 Metaspace       used 98177K, capacity 108104K, committed 120408K, reserved 1155072K
  class space    used 12024K, capacity 14280K, committed 15488K, reserved 1048576K
GC Heap History (10 events):
Event: 19724.742 GC heap before
{Heap before GC invocations=83 (full 7):
 PSYoungGen      total 1072128K, used 801239K [0x000000076ab00000, 0x00000007c0000000, 0x00000007c0000000)
  eden space 783872K, 100% used [0x000000076ab00000,0x000000079a880000,0x000000079a880000)
  from space 288256K, 6% used [0x000000079a880000,0x000000079b975fa0,0x00000007ac200000)
  to   space 281600K, 0% used [0x00000007aed00000,0x00000007aed00000,0x00000007c0000000)
 ParOldGen       total 333312K, used 212039K [0x00000006c0000000, 0x00000006d4580000, 0x000000076ab00000)
  object space 333312K, 63% used [0x00000006c0000000,0x00000006ccf11e80,0x00000006d4580000)
 Metaspace       used 95412K, capacity 105058K, committed 120408K, reserved 1155072K
  class space    used 11742K, capacity 13939K, committed 15488K, reserved 1048576K
Event: 19724.805 GC heap after
Heap after GC invocations=83 (full 7):
 PSYoungGen      total 1070080K, used 68706K [0x000000076ab00000, 0x00000007bd980000, 0x00000007c0000000)
  eden space 827904K, 0% used [0x000000076ab00000,0x000000076ab00000,0x000000079d380000)
  from space 242176K, 28% used [0x00000007aed00000,0x00000007b3018b98,0x00000007bd980000)
  to   space 265216K, 0% used [0x000000079d380000,0x000000079d380000,0x00000007ad680000)
 ParOldGen       total 333312K, used 212039K [0x00000006c0000000, 0x00000006d4580000, 0x000000076ab00000)
  object space 333312K, 63% used [0x00000006c0000000,0x00000006ccf11e80,0x00000006d4580000)
 Metaspace       used 95412K, capacity 105058K, committed 120408K, reserved 1155072K
  class space    used 11742K, capacity 13939K, committed 15488K, reserved 1048576K
}
Event: 19785.017 GC heap before
{Heap before GC invocations=84 (full 7):
 PSYoungGen      total 1070080K, used 896610K [0x000000076ab00000, 0x00000007bd980000, 0x00000007c0000000)
  eden space 827904K, 100% used [0x000000076ab00000,0x000000079d380000,0x000000079d380000)
  from space 242176K, 28% used [0x00000007aed00000,0x00000007b3018b98,0x00000007bd980000)
  to   space 265216K, 0% used [0x000000079d380000,0x000000079d380000,0x00000007ad680000)
 ParOldGen       total 333312K, used 212039K [0x00000006c0000000, 0x00000006d4580000, 0x000000076ab00000)
  object space 333312K, 63% used [0x00000006c0000000,0x00000006ccf11e80,0x00000006d4580000)
 Metaspace       used 96037K, capacity 105684K, committed 120408K, reserved 1155072K
  class space    used 11799K, capacity 13974K, committed 15488K, reserved 1048576K
Event: 19785.036 GC heap after
Heap after GC invocations=84 (full 7):
 PSYoungGen      total 1093120K, used 18222K [0x000000076ab00000, 0x00000007bfa00000, 0x00000007c0000000)
  eden space 827904K, 0% used [0x000000076ab00000,0x000000076ab00000,0x000000079d380000)
  from space 265216K, 6% used [0x000000079d380000,0x000000079e54b858,0x00000007ad680000)
  to   space 258560K, 0% used [0x00000007afd80000,0x00000007afd80000,0x00000007bfa00000)
 ParOldGen       total 333312K, used 212047K [0x00000006c0000000, 0x00000006d4580000, 0x000000076ab00000)
  object space 333312K, 63% used [0x00000006c0000000,0x00000006ccf13e80,0x00000006d4580000)
 Metaspace       used 96037K, capacity 105684K, committed 120408K, reserved 1155072K
  class space    used 11799K, capacity 13974K, committed 15488K, reserved 1048576K
}
Event: 20368.301 GC heap before
{Heap before GC invocations=85 (full 7):
 PSYoungGen      total 1093120K, used 846126K [0x000000076ab00000, 0x00000007bfa00000, 0x00000007c0000000)
  eden space 827904K, 100% used [0x000000076ab00000,0x000000079d380000,0x000000079d380000)
  from space 265216K, 6% used [0x000000079d380000,0x000000079e54b858,0x00000007ad680000)
  to   space 258560K, 0% used [0x00000007afd80000,0x00000007afd80000,0x00000007bfa00000)
 ParOldGen       total 333312K, used 212047K [0x00000006c0000000, 0x00000006d4580000, 0x000000076ab00000)
  object space 333312K, 63% used [0x00000006c0000000,0x00000006ccf13e80,0x00000006d4580000)
 Metaspace       used 96956K, capacity 106770K, committed 120408K, reserved 1155072K
  class space    used 11895K, capacity 14133K, committed 15488K, reserved 1048576K
Event: 20368.362 GC heap after
Heap after GC invocations=85 (full 7):
 PSYoungGen      total 1081856K, used 70145K [0x000000076ab00000, 0x00000007bd080000, 0x00000007c0000000)
  eden space 865792K, 0% used [0x000000076ab00000,0x000000076ab00000,0x000000079f880000)
  from space 216064K, 32% used [0x00000007afd80000,0x00000007b4200768,0x00000007bd080000)
  to   space 241664K, 0% used [0x000000079f880000,0x000000079f880000,0x00000007ae480000)
 ParOldGen       total 333312K, used 212055K [0x00000006c0000000, 0x00000006d4580000, 0x000000076ab00000)
  object space 333312K, 63% used [0x00000006c0000000,0x00000006ccf15e80,0x00000006d4580000)
 Metaspace       used 96956K, capacity 106770K, committed 120408K, reserved 1155072K
  class space    used 11895K, capacity 14133K, committed 15488K, reserved 1048576K
}
Event: 20413.224 GC heap before
{Heap before GC invocations=86 (full 7):
 PSYoungGen      total 1081856K, used 935616K [0x000000076ab00000, 0x00000007bd080000, 0x00000007c0000000)
  eden space 865792K, 99% used [0x000000076ab00000,0x000000079f82fb98,0x000000079f880000)
  from space 216064K, 32% used [0x00000007afd80000,0x00000007b4200768,0x00000007bd080000)
  to   space 241664K, 0% used [0x000000079f880000,0x000000079f880000,0x00000007ae480000)
 ParOldGen       total 333312K, used 212055K [0x00000006c0000000, 0x00000006d4580000, 0x000000076ab00000)
  object space 333312K, 63% used [0x00000006c0000000,0x00000006ccf15e80,0x00000006d4580000)
 Metaspace       used 97129K, capacity 106898K, committed 120408K, reserved 1155072K
  class space    used 11915K, capacity 14133K, committed 15488K, reserved 1048576K
Event: 20413.243 GC heap after
Heap after GC invocations=86 (full 7):
 PSYoungGen      total 1107456K, used 23754K [0x000000076ab00000, 0x00000007be280000, 0x00000007c0000000)
  eden space 865792K, 0% used [0x000000076ab00000,0x000000076ab00000,0x000000079f880000)
  from space 241664K, 9% used [0x000000079f880000,0x00000007a0fb2ba8,0x00000007ae480000)
  to   space 234496K, 0% used [0x00000007afd80000,0x00000007afd80000,0x00000007be280000)
 ParOldGen       total 333312K, used 212055K [0x00000006c0000000, 0x00000006d4580000, 0x000000076ab00000)
  object space 333312K, 63% used [0x00000006c0000000,0x00000006ccf15e80,0x00000006d4580000)
 Metaspace       used 97129K, capacity 106898K, committed 120408K, reserved 1155072K
  class space    used 11915K, capacity 14133K, committed 15488K, reserved 1048576K
}
Event: 21139.493 GC heap before
{Heap before GC invocations=87 (full 7):
 PSYoungGen      total 1107456K, used 889546K [0x000000076ab00000, 0x00000007be280000, 0x00000007c0000000)
  eden space 865792K, 100% used [0x000000076ab00000,0x000000079f880000,0x000000079f880000)
  from space 241664K, 9% used [0x000000079f880000,0x00000007a0fb2ba8,0x00000007ae480000)
  to   space 234496K, 0% used [0x00000007afd80000,0x00000007afd80000,0x00000007be280000)
 ParOldGen       total 333312K, used 212055K [0x00000006c0000000, 0x00000006d4580000, 0x000000076ab00000)
  object space 333312K, 63% used [0x00000006c0000000,0x00000006ccf15e80,0x00000006d4580000)
 Metaspace       used 98173K, capacity 108104K, committed 120408K, reserved 1155072K
  class space    used 12024K, capacity 14280K, committed 15488K, reserved 1048576K
Event: 21139.607 GC heap after
Heap after GC invocations=87 (full 7):
 PSYoungGen      total 1105408K, used 94277K [0x000000076ab00000, 0x00000007bcd80000, 0x00000007c0000000)
  eden space 892416K, 0% used [0x000000076ab00000,0x000000076ab00000,0x00000007a1280000)
  from space 212992K, 44% used [0x00000007afd80000,0x00000007b59917c0,0x00000007bcd80000)
  to   space 226816K, 0% used [0x00000007a1280000,0x00000007a1280000,0x00000007af000000)
 ParOldGen       total 333312K, used 212055K [0x00000006c0000000, 0x00000006d4580000, 0x000000076ab00000)
  object space 333312K, 63% used [0x00000006c0000000,0x00000006ccf15e80,0x00000006d4580000)
 Metaspace       used 98173K, capacity 108104K, committed 120408K, reserved 1155072K
  class space    used 12024K, capacity 14280K, committed 15488K, reserved 1048576K
}

