# JRE version: OpenJDK Runtime Environment (8.0_152) (build 1.8.0_152-release-1343-b16-5323222)
# Java VM: OpenJDK 64-Bit Server VM (25.152-b16-5323222 mixed mode linux-amd64 compressed oops)
Heap:
 PSYoungGen      total 555520K, used 0K [0x000000076ab00000, 0x000000079b680000, 0x00000007c0000000)
  eden space 434176K, 0% used [0x000000076ab00000,0x000000076ab00000,0x0000000785300000)
  from space 121344K, 0% used [0x0000000785300000,0x0000000785300000,0x000000078c980000)
  to   space 121856K, 0% used [0x0000000793f80000,0x0000000793f80000,0x000000079b680000)
 ParOldGen       total 323584K, used 217988K [0x00000006c0000000, 0x00000006d3c00000, 0x000000076ab00000)
  object space 323584K, 67% used [0x00000006c0000000,0x00000006cd4e1228,0x00000006d3c00000)
 Metaspace       used 92294K, capacity 96096K, committed 97536K, reserved 1134592K
  class space    used 11851K, capacity 12798K, committed 13056K, reserved 1048576K
GC Heap History (10 events):
Event: 102.337 GC heap after
Heap after GC invocations=21 (full 4):
 PSYoungGen      total 380416K, used 4523K [0x000000076ab00000, 0x000000078cc00000, 0x00000007c0000000)
  eden space 322048K, 0% used [0x000000076ab00000,0x000000076ab00000,0x000000077e580000)
  from space 58368K, 7% used [0x000000077e580000,0x000000077e9eaf78,0x0000000781e80000)
  to   space 87552K, 0% used [0x0000000787680000,0x0000000787680000,0x000000078cc00000)
 ParOldGen       total 323584K, used 163842K [0x00000006c0000000, 0x00000006d3c00000, 0x000000076ab00000)
  object space 323584K, 50% used [0x00000006c0000000,0x00000006ca000ab0,0x00000006d3c00000)
 Metaspace       used 81971K, capacity 85196K, committed 85504K, reserved 1124352K
  class space    used 10656K, capacity 11484K, committed 11520K, reserved 1048576K
}
Event: 106.212 GC heap before
{Heap before GC invocations=22 (full 4):
 PSYoungGen      total 380416K, used 326571K [0x000000076ab00000, 0x000000078cc00000, 0x00000007c0000000)
  eden space 322048K, 100% used [0x000000076ab00000,0x000000077e580000,0x000000077e580000)
  from space 58368K, 7% used [0x000000077e580000,0x000000077e9eaf78,0x0000000781e80000)
  to   space 87552K, 0% used [0x0000000787680000,0x0000000787680000,0x000000078cc00000)
 ParOldGen       total 323584K, used 163842K [0x00000006c0000000, 0x00000006d3c00000, 0x000000076ab00000)
  object space 323584K, 50% used [0x00000006c0000000,0x00000006ca000ab0,0x00000006d3c00000)
 Metaspace       used 83863K, capacity 87052K, committed 87168K, reserved 1124352K
  class space    used 10783K, capacity 11612K, committed 11648K, reserved 1048576K
Event: 106.331 GC heap after
Heap after GC invocations=22 (full 4):
 PSYoungGen      total 468480K, used 51999K [0x000000076ab00000, 0x000000078d900000, 0x00000007c0000000)
  eden space 380928K, 0% used [0x000000076ab00000,0x000000076ab00000,0x0000000781f00000)
  from space 87552K, 59% used [0x0000000787680000,0x000000078a947c28,0x000000078cc00000)
  to   space 89600K, 0% used [0x0000000781f00000,0x0000000781f00000,0x0000000787680000)
 ParOldGen       total 323584K, used 168418K [0x00000006c0000000, 0x00000006d3c00000, 0x000000076ab00000)
  object space 323584K, 52% used [0x00000006c0000000,0x00000006ca478a70,0x00000006d3c00000)
 Metaspace       used 83863K, capacity 87052K, committed 87168K, reserved 1124352K
  class space    used 10783K, capacity 11612K, committed 11648K, reserved 1048576K
}
Event: 110.709 GC heap before
{Heap before GC invocations=23 (full 4):
 PSYoungGen      total 468480K, used 432927K [0x000000076ab00000, 0x000000078d900000, 0x00000007c0000000)
  eden space 380928K, 100% used [0x000000076ab00000,0x0000000781f00000,0x0000000781f00000)
  from space 87552K, 59% used [0x0000000787680000,0x000000078a947c28,0x000000078cc00000)
  to   space 89600K, 0% used [0x0000000781f00000,0x0000000781f00000,0x0000000787680000)
 ParOldGen       total 323584K, used 168418K [0x00000006c0000000, 0x00000006d3c00000, 0x000000076ab00000)
  object space 323584K, 52% used [0x00000006c0000000,0x00000006ca478a70,0x00000006d3c00000)
 Metaspace       used 84756K, capacity 88030K, committed 88320K, reserved 1126400K
  class space    used 10872K, capacity 11733K, committed 11776K, reserved 1048576K
Event: 110.801 GC heap after
Heap after GC invocations=23 (full 4):
 PSYoungGen      total 470528K, used 49664K [0x000000076ab00000, 0x0000000792180000, 0x00000007c0000000)
  eden space 380928K, 0% used [0x000000076ab00000,0x000000076ab00000,0x0000000781f00000)
  from space 89600K, 55% used [0x0000000781f00000,0x0000000784f80080,0x0000000787680000)
  to   space 90112K, 0% used [0x000000078c980000,0x000000078c980000,0x0000000792180000)
 ParOldGen       total 323584K, used 209881K [0x00000006c0000000, 0x00000006d3c00000, 0x000000076ab00000)
  object space 323584K, 64% used [0x00000006c0000000,0x00000006cccf6728,0x00000006d3c00000)
 Metaspace       used 84756K, capacity 88030K, committed 88320K, reserved 1126400K
  class space    used 10872K, capacity 11733K, committed 11776K, reserved 1048576K
}
Event: 113.514 GC heap before
{Heap before GC invocations=24 (full 4):
 PSYoungGen      total 470528K, used 430592K [0x000000076ab00000, 0x0000000792180000, 0x00000007c0000000)
  eden space 380928K, 100% used [0x000000076ab00000,0x0000000781f00000,0x0000000781f00000)
  from space 89600K, 55% used [0x0000000781f00000,0x0000000784f80080,0x0000000787680000)
  to   space 90112K, 0% used [0x000000078c980000,0x000000078c980000,0x0000000792180000)
 ParOldGen       total 323584K, used 209881K [0x00000006c0000000, 0x00000006d3c00000, 0x000000076ab00000)
  object space 323584K, 64% used [0x00000006c0000000,0x00000006cccf6728,0x00000006d3c00000)
 Metaspace       used 92720K, capacity 96624K, committed 96768K, reserved 1132544K
  class space    used 11956K, capacity 12934K, committed 13056K, reserved 1048576K
Event: 113.642 GC heap after
Heap after GC invocations=24 (full 4):
 PSYoungGen      total 524288K, used 90094K [0x000000076ab00000, 0x0000000796a80000, 0x00000007c0000000)
  eden space 434176K, 0% used [0x000000076ab00000,0x000000076ab00000,0x0000000785300000)
  from space 90112K, 99% used [0x000000078c980000,0x000000079217bb18,0x0000000792180000)
  to   space 121344K, 0% used [0x0000000785300000,0x0000000785300000,0x000000078c980000)
 ParOldGen       total 323584K, used 254301K [0x00000006c0000000, 0x00000006d3c00000, 0x000000076ab00000)
  object space 323584K, 78% used [0x00000006c0000000,0x00000006cf857568,0x00000006d3c00000)
 Metaspace       used 92720K, capacity 96624K, committed 96768K, reserved 1132544K
  class space    used 11956K, capacity 12934K, committed 13056K, reserved 1048576K
}
Event: 115.921 GC heap before
{Heap before GC invocations=25 (full 4):
 PSYoungGen      total 524288K, used 524270K [0x000000076ab00000, 0x0000000796a80000, 0x00000007c0000000)
  eden space 434176K, 100% used [0x000000076ab00000,0x0000000785300000,0x0000000785300000)
  from space 90112K, 99% used [0x000000078c980000,0x000000079217bb18,0x0000000792180000)
  to   space 121344K, 0% used [0x0000000785300000,0x0000000785300000,0x000000078c980000)
 ParOldGen       total 323584K, used 254301K [0x00000006c0000000, 0x00000006d3c00000, 0x000000076ab00000)
  object space 323584K, 78% used [0x00000006c0000000,0x00000006cf857568,0x00000006d3c00000)
 Metaspace       used 93313K, capacity 97288K, committed 97536K, reserved 1134592K
  class space    used 11968K, capacity 12938K, committed 13056K, reserved 1048576K
Event: 116.050 GC heap after
Heap after GC invocations=25 (full 4):
 PSYoungGen      total 555520K, used 68456K [0x000000076ab00000, 0x000000079b680000, 0x00000007c0000000)
  eden space 434176K, 0% used [0x000000076ab00000,0x000000076ab00000,0x0000000785300000)
  from space 121344K, 56% used [0x0000000785300000,0x00000007895da2e8,0x000000078c980000)
  to   space 121856K, 0% used [0x0000000793f80000,0x0000000793f80000,0x000000079b680000)
 ParOldGen       total 323584K, used 311156K [0x00000006c0000000, 0x00000006d3c00000, 0x000000076ab00000)
  object space 323584K, 96% used [0x00000006c0000000,0x00000006d2fdd0e8,0x00000006d3c00000)
 Metaspace       used 93313K, capacity 97288K, committed 97536K, reserved 1134592K
  class space    used 11968K, capacity 12938K, committed 13056K, reserved 1048576K
}
Event: 116.050 GC heap before
{Heap before GC invocations=26 (full 5):
 PSYoungGen      total 555520K, used 68456K [0x000000076ab00000, 0x000000079b680000, 0x00000007c0000000)
  eden space 434176K, 0% used [0x000000076ab00000,0x000000076ab00000,0x0000000785300000)
  from space 121344K, 56% used [0x0000000785300000,0x00000007895da2e8,0x000000078c980000)
  to   space 121856K, 0% used [0x0000000793f80000,0x0000000793f80000,0x000000079b680000)
 ParOldGen       total 323584K, used 311156K [0x00000006c0000000, 0x00000006d3c00000, 0x000000076ab00000)
  object space 323584K, 96% used [0x00000006c0000000,0x00000006d2fdd0e8,0x00000006d3c00000)
 Metaspace       used 93313K, capacity 97288K, committed 97536K, reserved 1134592K
  class space    used 11968K, capacity 12938K, committed 13056K, reserved 1048576K

