# JRE version: OpenJDK Runtime Environment (8.0_152) (build 1.8.0_152-release-1343-b16-5323222)
# Java VM: OpenJDK 64-Bit Server VM (25.152-b16-5323222 mixed mode linux-amd64 compressed oops)
Heap:
 PSYoungGen      total 821760K, used 160748K [0x000000076ab00000, 0x00000007ae400000, 0x00000007c0000000)
  eden space 660992K, 0% used [0x000000076ab00000,0x000000076ab00000,0x0000000793080000)
  from space 160768K, 99% used [0x00000007a4700000,0x00000007ae3fb2d8,0x00000007ae400000)
  to   space 165888K, 0% used [0x0000000793080000,0x0000000793080000,0x000000079d280000)
 ParOldGen       total 442880K, used 272014K [0x00000006c0000000, 0x00000006db080000, 0x000000076ab00000)
  object space 442880K, 61% used [0x00000006c0000000,0x00000006d09a3a50,0x00000006db080000)
 Metaspace       used 106260K, capacity 110872K, committed 111000K, reserved 1146880K
  class space    used 13465K, capacity 14439K, committed 14504K, reserved 1048576K
GC Heap History (10 events):
Event: 932.165 GC heap after
Heap after GC invocations=33 (full 5):
 PSYoungGen      total 684544K, used 8601K [0x000000076ab00000, 0x0000000799c80000, 0x00000007c0000000)
  eden space 600064K, 0% used [0x000000076ab00000,0x000000076ab00000,0x000000078f500000)
  from space 84480K, 10% used [0x0000000794680000,0x0000000794ee6558,0x0000000799900000)
  to   space 83456K, 0% used [0x000000078f500000,0x000000078f500000,0x0000000794680000)
 ParOldGen       total 294400K, used 124199K [0x00000006c0000000, 0x00000006d1f80000, 0x000000076ab00000)
  object space 294400K, 42% used [0x00000006c0000000,0x00000006c7949f58,0x00000006d1f80000)
 Metaspace       used 104448K, capacity 108862K, committed 108952K, reserved 1144832K
  class space    used 13286K, capacity 14222K, committed 14248K, reserved 1048576K
}
Event: 938.446 GC heap before
{Heap before GC invocations=34 (full 5):
 PSYoungGen      total 684544K, used 608665K [0x000000076ab00000, 0x0000000799c80000, 0x00000007c0000000)
  eden space 600064K, 100% used [0x000000076ab00000,0x000000078f500000,0x000000078f500000)
  from space 84480K, 10% used [0x0000000794680000,0x0000000794ee6558,0x0000000799900000)
  to   space 83456K, 0% used [0x000000078f500000,0x000000078f500000,0x0000000794680000)
 ParOldGen       total 294400K, used 124199K [0x00000006c0000000, 0x00000006d1f80000, 0x000000076ab00000)
  object space 294400K, 42% used [0x00000006c0000000,0x00000006c7949f58,0x00000006d1f80000)
 Metaspace       used 105269K, capacity 109794K, committed 110104K, reserved 1144832K
  class space    used 13352K, capacity 14310K, committed 14376K, reserved 1048576K
Event: 938.615 GC heap after
Heap after GC invocations=34 (full 5):
 PSYoungGen      total 683520K, used 83435K [0x000000076ab00000, 0x00000007a4800000, 0x00000007c0000000)
  eden space 600064K, 0% used [0x000000076ab00000,0x000000076ab00000,0x000000078f500000)
  from space 83456K, 99% used [0x000000078f500000,0x000000079467ac00,0x0000000794680000)
  to   space 120320K, 0% used [0x000000079d280000,0x000000079d280000,0x00000007a4800000)
 ParOldGen       total 294400K, used 185051K [0x00000006c0000000, 0x00000006d1f80000, 0x000000076ab00000)
  object space 294400K, 62% used [0x00000006c0000000,0x00000006cb4b6e50,0x00000006d1f80000)
 Metaspace       used 105269K, capacity 109794K, committed 110104K, reserved 1144832K
  class space    used 13352K, capacity 14310K, committed 14376K, reserved 1048576K
}
Event: 942.223 GC heap before
{Heap before GC invocations=35 (full 5):
 PSYoungGen      total 683520K, used 683499K [0x000000076ab00000, 0x00000007a4800000, 0x00000007c0000000)
  eden space 600064K, 100% used [0x000000076ab00000,0x000000078f500000,0x000000078f500000)
  from space 83456K, 99% used [0x000000078f500000,0x000000079467ac00,0x0000000794680000)
  to   space 120320K, 0% used [0x000000079d280000,0x000000079d280000,0x00000007a4800000)
 ParOldGen       total 294400K, used 185051K [0x00000006c0000000, 0x00000006d1f80000, 0x000000076ab00000)
  object space 294400K, 62% used [0x00000006c0000000,0x00000006cb4b6e50,0x00000006d1f80000)
 Metaspace       used 105354K, capacity 109872K, committed 110104K, reserved 1144832K
  class space    used 13356K, capacity 14315K, committed 14376K, reserved 1048576K
Event: 942.525 GC heap after
Heap after GC invocations=35 (full 5):
 PSYoungGen      total 781312K, used 120294K [0x000000076ab00000, 0x00000007ab380000, 0x00000007c0000000)
  eden space 660992K, 0% used [0x000000076ab00000,0x000000076ab00000,0x0000000793080000)
  from space 120320K, 99% used [0x000000079d280000,0x00000007a47f9a20,0x00000007a4800000)
  to   space 165888K, 0% used [0x0000000793080000,0x0000000793080000,0x000000079d280000)
 ParOldGen       total 294400K, used 251026K [0x00000006c0000000, 0x00000006d1f80000, 0x000000076ab00000)
  object space 294400K, 85% used [0x00000006c0000000,0x00000006cf524830,0x00000006d1f80000)
 Metaspace       used 105354K, capacity 109872K, committed 110104K, reserved 1144832K
  class space    used 13356K, capacity 14315K, committed 14376K, reserved 1048576K
}
Event: 942.559 GC heap before
{Heap before GC invocations=36 (full 6):
 PSYoungGen      total 781312K, used 120294K [0x000000076ab00000, 0x00000007ab380000, 0x00000007c0000000)
  eden space 660992K, 0% used [0x000000076ab00000,0x000000076ab00000,0x0000000793080000)
  from space 120320K, 99% used [0x000000079d280000,0x00000007a47f9a20,0x00000007a4800000)
  to   space 165888K, 0% used [0x0000000793080000,0x0000000793080000,0x000000079d280000)
 ParOldGen       total 294400K, used 251026K [0x00000006c0000000, 0x00000006d1f80000, 0x000000076ab00000)
  object space 294400K, 85% used [0x00000006c0000000,0x00000006cf524830,0x00000006d1f80000)
 Metaspace       used 105354K, capacity 109872K, committed 110104K, reserved 1144832K
  class space    used 13356K, capacity 14315K, committed 14376K, reserved 1048576K
Event: 943.742 GC heap after
Heap after GC invocations=36 (full 6):
 PSYoungGen      total 781312K, used 0K [0x000000076ab00000, 0x00000007ab380000, 0x00000007c0000000)
  eden space 660992K, 0% used [0x000000076ab00000,0x000000076ab00000,0x0000000793080000)
  from space 120320K, 0% used [0x000000079d280000,0x000000079d280000,0x00000007a4800000)
  to   space 165888K, 0% used [0x0000000793080000,0x0000000793080000,0x000000079d280000)
 ParOldGen       total 442880K, used 202327K [0x00000006c0000000, 0x00000006db080000, 0x000000076ab00000)
  object space 442880K, 45% used [0x00000006c0000000,0x00000006cc595d38,0x00000006db080000)
 Metaspace       used 105236K, capacity 109552K, committed 110104K, reserved 1144832K
  class space    used 13316K, capacity 14245K, committed 14376K, reserved 1048576K
}
Event: 993.567 GC heap before
{Heap before GC invocations=37 (full 6):
 PSYoungGen      total 781312K, used 660992K [0x000000076ab00000, 0x00000007ab380000, 0x00000007c0000000)
  eden space 660992K, 100% used [0x000000076ab00000,0x0000000793080000,0x0000000793080000)
  from space 120320K, 0% used [0x000000079d280000,0x000000079d280000,0x00000007a4800000)
  to   space 165888K, 0% used [0x0000000793080000,0x0000000793080000,0x000000079d280000)
 ParOldGen       total 442880K, used 202327K [0x00000006c0000000, 0x00000006db080000, 0x000000076ab00000)
  object space 442880K, 45% used [0x00000006c0000000,0x00000006cc595d38,0x00000006db080000)
 Metaspace       used 105674K, capacity 110150K, committed 110360K, reserved 1144832K
  class space    used 13374K, capacity 14328K, committed 14376K, reserved 1048576K
Event: 993.695 GC heap after
Heap after GC invocations=37 (full 6):
 PSYoungGen      total 826880K, used 22228K [0x000000076ab00000, 0x00000007ae400000, 0x00000007c0000000)
  eden space 660992K, 0% used [0x000000076ab00000,0x000000076ab00000,0x0000000793080000)
  from space 165888K, 13% used [0x0000000793080000,0x00000007946351c0,0x000000079d280000)
  to   space 160768K, 0% used [0x00000007a4700000,0x00000007a4700000,0x00000007ae400000)
 ParOldGen       total 442880K, used 202335K [0x00000006c0000000, 0x00000006db080000, 0x000000076ab00000)
  object space 442880K, 45% used [0x00000006c0000000,0x00000006cc597d38,0x00000006db080000)
 Metaspace       used 105674K, capacity 110150K, committed 110360K, reserved 1144832K
  class space    used 13374K, capacity 14328K, committed 14376K, reserved 1048576K
}
Event: 999.339 GC heap before
{Heap before GC invocations=38 (full 6):
 PSYoungGen      total 826880K, used 682239K [0x000000076ab00000, 0x00000007ae400000, 0x00000007c0000000)
  eden space 660992K, 99% used [0x000000076ab00000,0x0000000792f8ae00,0x0000000793080000)
  from space 165888K, 13% used [0x0000000793080000,0x00000007946351c0,0x000000079d280000)
  to   space 160768K, 0% used [0x00000007a4700000,0x00000007a4700000,0x00000007ae400000)
 ParOldGen       total 442880K, used 217767K [0x00000006c0000000, 0x00000006db080000, 0x000000076ab00000)
  object space 442880K, 49% used [0x00000006c0000000,0x00000006cd4a9d18,0x00000006db080000)
 Metaspace       used 106260K, capacity 110872K, committed 111000K, reserved 1146880K
  class space    used 13465K, capacity 14439K, committed 14504K, reserved 1048576K

